C51 COMPILER V9.59.0.0   DS1302                                                            02/09/2025 10:17:13 PAGE 1   


C51 COMPILER V9.59.0.0, COMPILATION OF MODULE DS1302
OBJECT MODULE PLACED IN .\Objects\ds1302.obj
COMPILER INVOKED BY: E:\C51\C51\BIN\C51.EXE ..\Hardware\ds1302.c LARGE OPTIMIZE(8,SPEED) BROWSE INCDIR(..\Hardware;..\Us
                    -er) DEBUG OBJECTEXTEND PRINT(.\Listings\ds1302.lst) OBJECT(.\Objects\ds1302.obj)

line level    source

   1          /*      #       DS1302ä»£ç ç‰‡æ®µè¯´æ˜
   2                  1.      æœ¬æ–‡ä»¶å¤¹ä¸­æä¾›çš„é©±åŠ¨ä»£ç ä¾›å‚èµ›é€‰æ‰‹å®Œæˆç¨‹åºè®¾è®¡å‚è€ƒã€‚
   3                  2.      å‚èµ›é€‰æ‰‹å¯ä»¥è‡ªè¡Œç¼–å†™ç›¸å…³ä»£ç æˆ–ä»¥è¯¥ä»£ç ä¸ºåŸºç¡€ï¼Œæ ¹æ®æ‰€é€‰å•ç‰‡æœºç±»å‹ã€è¿
             -è¡Œé€Ÿåº¦å’Œè¯•é¢˜
   4                          ä¸­å¯¹å•ç‰‡æœºæ—¶é’Ÿé¢‘ç‡çš„è¦æ±‚ï¼Œè¿›è¡Œä»£ç è°ƒè¯•å’Œä¿®æ”¹ã€‚
   5          */                                                              
   6          
   7          //
   8          #include "ds1302.h"
   9          sbit SCK = P1 ^ 7;
  10          sbit SDA = P2 ^ 3;
  11          sbit RST = P1 ^ 3;
  12          void Write_Ds1302(unsigned  char temp) 
  13          {
  14   1              unsigned char i;
  15   1              for (i=0;i<8;i++)       
  16   1              { 
  17   2                      SCK = 0;
  18   2                      SDA = temp&0x01;
  19   2                      temp>>=1; 
  20   2                      SCK=1;
  21   2              }
  22   1      }   
  23          
  24          //
  25          void Write_Ds1302_Byte( unsigned char address,unsigned char dat )     
  26          {
  27   1              RST=0;  _nop_();
  28   1              SCK=0;  _nop_();
  29   1              RST=1;  _nop_();  
  30   1              Write_Ds1302(address);  
  31   1              Write_Ds1302(dat);              
  32   1              RST=0; 
  33   1      }
  34          
  35          //
  36          unsigned char Read_Ds1302_Byte ( unsigned char address )
  37          {
  38   1              unsigned char i,temp=0x00;
  39   1              RST=0;  _nop_();
  40   1              SCK=0;  _nop_();
  41   1              RST=1;  _nop_();
  42   1              Write_Ds1302(address);
  43   1              for (i=0;i<8;i++)       
  44   1              {               
  45   2                      SCK=0;
  46   2                      temp>>=1;       
  47   2                      if(SDA)
  48   2                      temp|=0x80;     
  49   2                      SCK=1;
  50   2              } 
  51   1              RST=0;  _nop_();
  52   1              SCK=0;  _nop_();
  53   1              SCK=1;  _nop_();
C51 COMPILER V9.59.0.0   DS1302                                                            02/09/2025 10:17:13 PAGE 2   

  54   1              SDA=0;  _nop_();
  55   1              SDA=1;  _nop_();
  56   1              return (temp);                  
  57   1      }
  58          void SetTime(unsigned char* Time)
  59          {
  60   1              unsigned char i,RealTime;
  61   1              Write_Ds1302_Byte(0x8E,0);
  62   1              for(i = 0;i < 3;i++)
  63   1              {
  64   2                      RealTime = ((Time[i] / 10 % 10)<<4) | (Time[i] % 10);
  65   2                      Write_Ds1302_Byte(0x84 - 2*i,RealTime);
  66   2              }
  67   1              Write_Ds1302_Byte(0x8E,0x80);
  68   1      }
  69          void ReadTime(unsigned char* Time)
  70          {
  71   1              unsigned char i,RealTime;
  72   1              EA = 0;
  73   1              for(i = 0;i < 3;i++)
  74   1              {
  75   2                      RealTime = Read_Ds1302_Byte(0x85 -2*i);
  76   2                      RealTime = ( RealTime >> 4 ) * 10 + (RealTime & 0x0f);
  77   2                      Time[i] = RealTime;
  78   2              }
  79   1              EA = 1;
  80   1      }


MODULE INFORMATION:   STATIC OVERLAYABLE
   CODE SIZE        =    284    ----
   CONSTANT SIZE    =   ----    ----
   XDATA SIZE       =   ----       6
   PDATA SIZE       =   ----    ----
   DATA SIZE        =   ----    ----
   IDATA SIZE       =   ----    ----
   BIT SIZE         =   ----    ----
END OF MODULE INFORMATION.


C51 COMPILATION COMPLETE.  0 WARNING(S),  0 ERROR(S)
