C51 COMPILER V9.59.0.0   UL                                                                02/09/2025 10:17:14 PAGE 1   


C51 COMPILER V9.59.0.0, COMPILATION OF MODULE UL
OBJECT MODULE PLACED IN .\Objects\ul.obj
COMPILER INVOKED BY: E:\C51\C51\BIN\C51.EXE ..\Hardware\ul.c LARGE OPTIMIZE(8,SPEED) BROWSE INCDIR(..\Hardware;..\User) 
                    -DEBUG OBJECTEXTEND PRINT(.\Listings\ul.lst) OBJECT(.\Objects\ul.obj)

line level    source

   1          #include "ul.h"
   2          sbit Tx = P1 ^ 0;
   3          sbit Rx = P1 ^ 1;
   4          void Delay12us(void)    //@12.000MHz
   5          {
   6   1              unsigned char data i;
   7   1      
   8   1              _nop_();
   9   1              _nop_();
  10   1              i = 33;
  11   1              while (--i);
  12   1      }
  13          void SendUlSound(void)
  14          {
  15   1          unsigned char i;
  16   1          EA = 0;
  17   1          for(i = 0;i<8;i++)
  18   1          {
  19   2              Tx = 1;
  20   2              Delay12us();
  21   2              Tx = 0;
  22   2              Delay12us();
  23   2          }
  24   1          EA = 1;
  25   1      }
  26          unsigned char GetUlSound(void)
  27          {
  28   1          CMOD = 0x00;
  29   1          CH = CL = 0;
  30   1          CR = 1;
  31   1          SendUlSound();
  32   1          while((Rx == 1) && (CF == 0));
  33   1          CR = 0;
  34   1          if(CF == 0)
  35   1          {
  36   2              return 0.017 * ( CH<<8 | CL);
  37   2          }
  38   1          else
  39   1          {
  40   2              CF = 0;
  41   2              return 0;
  42   2          }
  43   1      }


MODULE INFORMATION:   STATIC OVERLAYABLE
   CODE SIZE        =     91    ----
   CONSTANT SIZE    =   ----    ----
   XDATA SIZE       =   ----    ----
   PDATA SIZE       =   ----    ----
   DATA SIZE        =   ----       1
   IDATA SIZE       =   ----    ----
   BIT SIZE         =   ----    ----
END OF MODULE INFORMATION.

C51 COMPILER V9.59.0.0   UL                                                                02/09/2025 10:17:14 PAGE 2   


C51 COMPILATION COMPLETE.  0 WARNING(S),  0 ERROR(S)
