C51 COMPILER V9.59.0.0   IIC                                                               01/19/2025 16:26:56 PAGE 1   


C51 COMPILER V9.59.0.0, COMPILATION OF MODULE IIC
OBJECT MODULE PLACED IN .\Objects\iic.obj
COMPILER INVOKED BY: E:\C51\C51\BIN\C51.EXE Hardware\iic.c LARGE OPTIMIZE(8,SPEED) BROWSE INCDIR(.\Hardware;.\User) DEBU
                    -G OBJECTEXTEND PRINT(.\Listings\iic.lst) OBJECT(.\Objects\iic.obj)

line level    source

   1          /*      #   I2C代码片段说明
   2                  1.      本文件夹中提供的驱动代码供参赛选手完成程序设计参考。
   3                  2.      参赛选手可以自行编写相关代码或以该代码为基础，根据所选单片机类型、
             -行速度和试题
   4                          中对单片机时钟频率的要求，进行代码调试和修改。
   5          */
   6          #include "iic.h"
   7          #define DELAY_TIME      10
   8          sbit sda = P2 ^ 1;
   9          sbit scl = P2 ^ 0;
  10          //
  11          static void I2C_Delay(unsigned char n)
  12          {
  13   1          do
  14   1          {
  15   2              _nop_();_nop_();_nop_();_nop_();_nop_();
  16   2              _nop_();_nop_();_nop_();_nop_();_nop_();
  17   2              _nop_();_nop_();_nop_();_nop_();_nop_();                
  18   2          }
  19   1          while(n--);         
  20   1      }
  21          
  22          //
  23          void I2CStart(void)
  24          {
  25   1          sda = 1;
  26   1          scl = 1;
  27   1              I2C_Delay(DELAY_TIME);
  28   1          sda = 0;
  29   1              I2C_Delay(DELAY_TIME);
  30   1          scl = 0;    
  31   1      }
  32          
  33          //
  34          void I2CStop(void)
  35          {
  36   1          sda = 0;
  37   1          scl = 1;
  38   1              I2C_Delay(DELAY_TIME);
  39   1          sda = 1;
  40   1              I2C_Delay(DELAY_TIME);
  41   1      }
  42          
  43          //
  44          void I2CSendByte(unsigned char byt)
  45          {
  46   1          unsigned char i;
  47   1              
  48   1          for(i=0; i<8; i++){
  49   2              scl = 0;
  50   2                      I2C_Delay(DELAY_TIME);
  51   2              if(byt & 0x80){
  52   3                  sda = 1;
  53   3              }
C51 COMPILER V9.59.0.0   IIC                                                               01/19/2025 16:26:56 PAGE 2   

  54   2              else{
  55   3                  sda = 0;
  56   3              }
  57   2                      I2C_Delay(DELAY_TIME);
  58   2              scl = 1;
  59   2              byt <<= 1;
  60   2                      I2C_Delay(DELAY_TIME);
  61   2          }
  62   1              
  63   1          scl = 0;  
  64   1      }
  65          
  66          //
  67          unsigned char I2CReceiveByte(void)
  68          {
  69   1              unsigned char da;
  70   1              unsigned char i;
  71   1              for(i=0;i<8;i++){   
  72   2                      scl = 1;
  73   2                      I2C_Delay(DELAY_TIME);
  74   2                      da <<= 1;
  75   2                      if(sda) 
  76   2                              da |= 0x01;
  77   2                      scl = 0;
  78   2                      I2C_Delay(DELAY_TIME);
  79   2              }
  80   1              return da;    
  81   1      }
  82          
  83          //
  84          unsigned char I2CWaitAck(void)
  85          {
  86   1              unsigned char ackbit;
  87   1              
  88   1          scl = 1;
  89   1              I2C_Delay(DELAY_TIME);
  90   1          ackbit = sda; 
  91   1          scl = 0;
  92   1              I2C_Delay(DELAY_TIME);
  93   1              
  94   1              return ackbit;
  95   1      }
  96          
  97          //
  98          void I2CSendAck(unsigned char ackbit)
  99          {
 100   1          scl = 0;
 101   1          sda = ackbit; 
 102   1              I2C_Delay(DELAY_TIME);
 103   1          scl = 1;
 104   1              I2C_Delay(DELAY_TIME);
 105   1          scl = 0; 
 106   1              sda = 1;
 107   1              I2C_Delay(DELAY_TIME);
 108   1      }
 109          
 110          unsigned char AdRead(unsigned char Add)
 111          {
 112   1          unsigned char AdVal;
 113   1          I2CStart();
 114   1          I2CSendByte(0x91);
 115   1          I2CWaitAck();
C51 COMPILER V9.59.0.0   IIC                                                               01/19/2025 16:26:56 PAGE 3   

 116   1          I2CSendByte(Add);
 117   1          I2CWaitAck();
 118   1      
 119   1          I2CStart();
 120   1          I2CSendByte(0x90);
 121   1          I2CWaitAck();
 122   1          AdVal = I2CReceiveByte();
 123   1          I2CSendAck(1);
 124   1          I2CStop();
 125   1          return AdVal;
 126   1      }
 127          void DaWrite(unsigned char DaVal)
 128          {
 129   1          I2CStart();
 130   1          I2CSendByte(0x90);
 131   1          I2CWaitAck();
 132   1          I2CSendByte(0x41);
 133   1          I2CWaitAck();
 134   1          I2CSendByte(DaVal);
 135   1          I2CWaitAck();
 136   1          I2CStop();
 137   1      }
 138          void EEPROMWrite(unsigned char *str,unsigned char Num,unsigned char Add)
 139          {
 140   1          I2CStart();
 141   1          I2CSendByte(0xA0);
 142   1          I2CWaitAck();   
 143   1          I2CSendByte(Add);
 144   1          I2CWaitAck();   
 145   1          while(Num--)
 146   1          {
 147   2              I2CSendByte(*str++);
 148   2              I2CWaitAck();
 149   2              I2C_Delay(200);
 150   2          }
 151   1          I2CStop();
 152   1          I2C_Delay(255);I2C_Delay(255);I2C_Delay(255);I2C_Delay(255);
 153   1      }
 154          void EEPROMRead(unsigned char* Str,unsigned char Num,unsigned char Add)
 155          {
 156   1        I2CStart();
 157   1        I2CSendByte(0xa0);
 158   1        I2CWaitAck();
 159   1        I2CSendByte(Add);
 160   1        I2CWaitAck();
 161   1      
 162   1        I2CStart();
 163   1        I2CSendByte(0xa1);
 164   1        I2CWaitAck();
 165   1        while(Num--)
 166   1        {
 167   2          *Str++ = I2CReceiveByte();
 168   2          if(Num)
 169   2            I2CSendAck(0);
 170   2          else
 171   2            I2CSendAck(1);
 172   2        }
 173   1        I2CStop();
 174   1      }


MODULE INFORMATION:   STATIC OVERLAYABLE
C51 COMPILER V9.59.0.0   IIC                                                               01/19/2025 16:26:56 PAGE 4   

   CODE SIZE        =    424    ----
   CONSTANT SIZE    =   ----    ----
   XDATA SIZE       =   ----      10
   PDATA SIZE       =   ----    ----
   DATA SIZE        =   ----    ----
   IDATA SIZE       =   ----    ----
   BIT SIZE         =   ----    ----
END OF MODULE INFORMATION.


C51 COMPILATION COMPLETE.  0 WARNING(S),  0 ERROR(S)
