C51 COMPILER V9.59.0.0   KEY                                                               01/18/2025 11:56:40 PAGE 1   


C51 COMPILER V9.59.0.0, COMPILATION OF MODULE KEY
OBJECT MODULE PLACED IN .\Objects\Key.obj
COMPILER INVOKED BY: E:\C51\C51\BIN\C51.EXE Hardware\Key.c OPTIMIZE(8,SPEED) BROWSE INCDIR(.\Hardware;.\User) DEBUG OBJE
                    -CTEXTEND PRINT(.\Listings\Key.lst) OBJECT(.\Objects\Key.obj)

line level    source

   1          #include "Key.h"
   2          
   3          unsigned int KeyRead(void)
   4          {
   5   1          int col ,row;
   6   1          unsigned int KeyNum = 0;
   7   1          for(col = 0;col < 4;col++)
   8   1          {
   9   2              P44 = (col != 0);
  10   2              P42 = (col != 1);
  11   2              P35 = (col != 2);
  12   2              //P34 = (col != 3);
  13   2              for(row = 0;row<4;row++)
  14   2              {
  15   3                  if( (P3 & (0x08 >> row)) == 0  )
  16   3                  {
  17   4                      KeyNum |=(1 << (col * 4 + row));
  18   4                  }
  19   3              }
  20   2          }
  21   1          P3 = 0xff;
  22   1          return KeyNum;
  23   1      }


MODULE INFORMATION:   STATIC OVERLAYABLE
   CODE SIZE        =    132    ----
   CONSTANT SIZE    =   ----    ----
   XDATA SIZE       =   ----    ----
   PDATA SIZE       =   ----    ----
   DATA SIZE        =   ----       2
   IDATA SIZE       =   ----    ----
   BIT SIZE         =   ----    ----
END OF MODULE INFORMATION.


C51 COMPILATION COMPLETE.  0 WARNING(S),  0 ERROR(S)
