C51 COMPILER V9.59.0.0   UART                                                              01/19/2025 16:26:56 PAGE 1   


C51 COMPILER V9.59.0.0, COMPILATION OF MODULE UART
OBJECT MODULE PLACED IN .\Objects\uart.obj
COMPILER INVOKED BY: E:\C51\C51\BIN\C51.EXE Hardware\uart.c LARGE OPTIMIZE(8,SPEED) BROWSE INCDIR(.\Hardware;.\User) DEB
                    -UG OBJECTEXTEND PRINT(.\Listings\uart.lst) OBJECT(.\Objects\uart.obj)

line level    source

   1          #include "uart.h"
   2          #include "stdio.h"
   3          void Uart1_Init(void)   //9600bps@12.000MHz
   4          {
   5   1              SCON = 0x50;            //8位数据,可变波特率
   6   1              AUXR |= 0x01;           //串口1选择定时器2为波特率发生器
   7   1              AUXR |= 0x04;           //定时器时钟1T模式
   8   1              T2L = 0xC7;                     //设置定时初始值
   9   1              T2H = 0xFE;                     //设置定时初始值
  10   1              AUXR |= 0x10;           //定时器2开始计时
  11   1          ES = 1;
  12   1          EA = 1;
  13   1      }
  14          extern char putchar(char ch)
  15          {
  16   1          SBUF = ch;
  17   1          while(TI == 0);
  18   1          TI = 0;
  19   1          return ch;
  20   1      }


MODULE INFORMATION:   STATIC OVERLAYABLE
   CODE SIZE        =     31    ----
   CONSTANT SIZE    =   ----    ----
   XDATA SIZE       =   ----    ----
   PDATA SIZE       =   ----    ----
   DATA SIZE        =   ----    ----
   IDATA SIZE       =   ----    ----
   BIT SIZE         =   ----    ----
END OF MODULE INFORMATION.


C51 COMPILATION COMPLETE.  0 WARNING(S),  0 ERROR(S)
